<?xml version="1.0" encoding="UTF-8"?>
<!-- Generated by org.testng.reporters.JUnitXMLReporter -->
<testsuite hostname="ankur" name="Test" tests="7" failures="1" timestamp="1 May 2018 18:16:16 GMT" time="40.275" errors="0">
  <testcase name="failTest" time="24.809" classname="Extent_report.Total_wine_test_cases.Browser_lanuch">
    <failure type="junit.framework.AssertionFailedError">
      <![CDATA[junit.framework.AssertionFailedError
	at junit.framework.Assert.fail(Assert.java:47)
	at junit.framework.Assert.assertTrue(Assert.java:20)
	at junit.framework.Assert.assertTrue(Assert.java:27)
	at Extent_report.Total_wine_test_cases.Browser_lanuch.failTest(Browser_lanuch.java:74)
... Removed 24 stack frames]]>
    </failure>
  </testcase> <!-- failTest -->
  <testcase name="passTest" time="0.001" classname="Extent_report.Total_wine_test_cases.Browser_lanuch"/>
  <testcase name="skipTest" time="0.007" classname="Extent_report.Total_wine_test_cases.Browser_lanuch"/>
  <testcase name="browserLaunchTest" time="14.25" classname="Extent_report.Total_wine_test_cases.Browser_lanuch"/>
  <testcase name="firstRunTest" time="0.004" classname="Extent_report.Total_wine_test_cases.TestNG_priority_check"/>
  <testcase name="secondRunTest" time="0.004" classname="Extent_report.Total_wine_test_cases.TestNG_priority_check"/>
  <testcase name="thirdTest" time="0.004" classname="Extent_report.Total_wine_test_cases.TestNG_priority_check"/>
</testsuite> <!-- Test -->
