<?xml version="1.0" encoding="UTF-8"?>
<testng-results skipped="0" failed="1" total="7" passed="6">
  <reporter-output>
  </reporter-output>
  <suite name="Suite" duration-ms="40275" started-at="2018-05-01T18:15:35Z" finished-at="2018-05-01T18:16:15Z">
    <groups>
    </groups>
    <test name="Test" duration-ms="40275" started-at="2018-05-01T18:15:35Z" finished-at="2018-05-01T18:16:15Z">
      <class name="Extent_report.Total_wine_test_cases.Browser_lanuch">
        <test-method status="PASS" signature="reportSetup()[pri:0, instance:Extent_report.Total_wine_test_cases.Browser_lanuch@7085bdee]" name="reportSetup" is-config="true" duration-ms="256" started-at="2018-05-01T23:45:35Z" finished-at="2018-05-01T23:45:35Z">
          <reporter-output>
          </reporter-output>
        </test-method> <!-- reportSetup -->
        <test-method status="FAIL" signature="failTest()[pri:0, instance:Extent_report.Total_wine_test_cases.Browser_lanuch@7085bdee]" name="failTest" duration-ms="24809" started-at="2018-05-01T23:45:35Z" finished-at="2018-05-01T23:46:00Z">
          <exception class="junit.framework.AssertionFailedError">
            <full-stacktrace>
              <![CDATA[junit.framework.AssertionFailedError
	at junit.framework.Assert.fail(Assert.java:47)
	at junit.framework.Assert.assertTrue(Assert.java:20)
	at junit.framework.Assert.assertTrue(Assert.java:27)
	at Extent_report.Total_wine_test_cases.Browser_lanuch.failTest(Browser_lanuch.java:74)
	at sun.reflect.NativeMethodAccessorImpl.invoke0(Native Method)
	at sun.reflect.NativeMethodAccessorImpl.invoke(NativeMethodAccessorImpl.java:62)
	at sun.reflect.DelegatingMethodAccessorImpl.invoke(DelegatingMethodAccessorImpl.java:43)
	at java.lang.reflect.Method.invoke(Method.java:498)
	at org.testng.internal.MethodInvocationHelper.invokeMethod(MethodInvocationHelper.java:85)
	at org.testng.internal.Invoker.invokeMethod(Invoker.java:639)
	at org.testng.internal.Invoker.invokeTestMethod(Invoker.java:821)
	at org.testng.internal.Invoker.invokeTestMethods(Invoker.java:1131)
	at org.testng.internal.TestMethodWorker.invokeTestMethods(TestMethodWorker.java:124)
	at org.testng.internal.TestMethodWorker.run(TestMethodWorker.java:108)
	at org.testng.TestRunner.privateRun(TestRunner.java:773)
	at org.testng.TestRunner.run(TestRunner.java:623)
	at org.testng.SuiteRunner.runTest(SuiteRunner.java:357)
	at org.testng.SuiteRunner.runSequentially(SuiteRunner.java:352)
	at org.testng.SuiteRunner.privateRun(SuiteRunner.java:310)
	at org.testng.SuiteRunner.run(SuiteRunner.java:259)
	at org.testng.SuiteRunnerWorker.runSuite(SuiteRunnerWorker.java:52)
	at org.testng.SuiteRunnerWorker.run(SuiteRunnerWorker.java:86)
	at org.testng.TestNG.runSuitesSequentially(TestNG.java:1185)
	at org.testng.TestNG.runSuitesLocally(TestNG.java:1110)
	at org.testng.TestNG.run(TestNG.java:1018)
	at org.testng.remote.AbstractRemoteTestNG.run(AbstractRemoteTestNG.java:114)
	at org.testng.remote.RemoteTestNG.initAndRun(RemoteTestNG.java:251)
	at org.testng.remote.RemoteTestNG.main(RemoteTestNG.java:77)
]]>
            </full-stacktrace>
          </exception> <!-- junit.framework.AssertionFailedError -->
          <reporter-output>
          </reporter-output>
        </test-method> <!-- failTest -->
        <test-method status="PASS" signature="getResult(org.testng.ITestResult)[pri:0, instance:Extent_report.Total_wine_test_cases.Browser_lanuch@7085bdee]" name="getResult" is-config="true" duration-ms="516" started-at="2018-05-01T23:46:00Z" finished-at="2018-05-01T23:46:01Z">
          <params>
            <param index="0">
              <value>
                <![CDATA[[TestResult name=failTest status=FAILURE method=Browser_lanuch.failTest()[pri:0, instance:Extent_report.Total_wine_test_cases.Browser_lanuch@7085bdee] output={null}]]]>
              </value>
            </param>
          </params>
          <reporter-output>
          </reporter-output>
        </test-method> <!-- getResult -->
        <test-method status="PASS" signature="passTest()[pri:0, instance:Extent_report.Total_wine_test_cases.Browser_lanuch@7085bdee]" name="passTest" duration-ms="1" started-at="2018-05-01T23:46:01Z" finished-at="2018-05-01T23:46:01Z">
          <reporter-output>
          </reporter-output>
        </test-method> <!-- passTest -->
        <test-method status="PASS" signature="getResult(org.testng.ITestResult)[pri:0, instance:Extent_report.Total_wine_test_cases.Browser_lanuch@7085bdee]" name="getResult" is-config="true" duration-ms="1" started-at="2018-05-01T23:46:01Z" finished-at="2018-05-01T23:46:01Z">
          <params>
            <param index="0">
              <value>
                <![CDATA[[TestResult name=passTest status=SUCCESS method=Browser_lanuch.passTest()[pri:0, instance:Extent_report.Total_wine_test_cases.Browser_lanuch@7085bdee] output={null}]]]>
              </value>
            </param>
          </params>
          <reporter-output>
          </reporter-output>
        </test-method> <!-- getResult -->
        <test-method status="PASS" signature="skipTest()[pri:0, instance:Extent_report.Total_wine_test_cases.Browser_lanuch@7085bdee]" name="skipTest" duration-ms="7" started-at="2018-05-01T23:46:01Z" finished-at="2018-05-01T23:46:01Z">
          <reporter-output>
          </reporter-output>
        </test-method> <!-- skipTest -->
        <test-method status="PASS" signature="getResult(org.testng.ITestResult)[pri:0, instance:Extent_report.Total_wine_test_cases.Browser_lanuch@7085bdee]" name="getResult" is-config="true" duration-ms="1" started-at="2018-05-01T23:46:01Z" finished-at="2018-05-01T23:46:01Z">
          <params>
            <param index="0">
              <value>
                <![CDATA[[TestResult name=skipTest status=SUCCESS method=Browser_lanuch.skipTest()[pri:0, instance:Extent_report.Total_wine_test_cases.Browser_lanuch@7085bdee] output={null}]]]>
              </value>
            </param>
          </params>
          <reporter-output>
          </reporter-output>
        </test-method> <!-- getResult -->
        <test-method status="PASS" signature="browserLaunchTest()[pri:0, instance:Extent_report.Total_wine_test_cases.Browser_lanuch@7085bdee]" name="browserLaunchTest" duration-ms="14250" started-at="2018-05-01T23:46:01Z" finished-at="2018-05-01T23:46:15Z">
          <reporter-output>
          </reporter-output>
        </test-method> <!-- browserLaunchTest -->
        <test-method status="PASS" signature="getResult(org.testng.ITestResult)[pri:0, instance:Extent_report.Total_wine_test_cases.Browser_lanuch@7085bdee]" name="getResult" is-config="true" duration-ms="1" started-at="2018-05-01T23:46:15Z" finished-at="2018-05-01T23:46:15Z">
          <params>
            <param index="0">
              <value>
                <![CDATA[[TestResult name=browserLaunchTest status=SUCCESS method=Browser_lanuch.browserLaunchTest()[pri:0, instance:Extent_report.Total_wine_test_cases.Browser_lanuch@7085bdee] output={null}]]]>
              </value>
            </param>
          </params>
          <reporter-output>
          </reporter-output>
        </test-method> <!-- getResult -->
        <test-method status="PASS" signature="endReport()[pri:0, instance:Extent_report.Total_wine_test_cases.Browser_lanuch@7085bdee]" name="endReport" is-config="true" duration-ms="365" started-at="2018-05-01T23:46:15Z" finished-at="2018-05-01T23:46:15Z">
          <reporter-output>
          </reporter-output>
        </test-method> <!-- endReport -->
      </class> <!-- Extent_report.Total_wine_test_cases.Browser_lanuch -->
      <class name="Extent_report.Total_wine_test_cases.TestNG_priority_check">
        <test-method status="PASS" signature="firstRunTest()[pri:0, instance:Extent_report.Total_wine_test_cases.TestNG_priority_check@59494225]" name="firstRunTest" duration-ms="4" started-at="2018-05-01T23:46:15Z" finished-at="2018-05-01T23:46:15Z">
          <reporter-output>
          </reporter-output>
        </test-method> <!-- firstRunTest -->
        <test-method status="PASS" signature="secondRunTest()[pri:0, instance:Extent_report.Total_wine_test_cases.TestNG_priority_check@59494225]" name="secondRunTest" duration-ms="4" started-at="2018-05-01T23:46:15Z" finished-at="2018-05-01T23:46:15Z">
          <reporter-output>
          </reporter-output>
        </test-method> <!-- secondRunTest -->
        <test-method status="PASS" signature="thirdTest()[pri:0, instance:Extent_report.Total_wine_test_cases.TestNG_priority_check@59494225]" name="thirdTest" duration-ms="4" started-at="2018-05-01T23:46:15Z" depends-on-methods="Extent_report.Total_wine_test_cases.TestNG_priority_check.secondRunTest" finished-at="2018-05-01T23:46:15Z">
          <reporter-output>
          </reporter-output>
        </test-method> <!-- thirdTest -->
      </class> <!-- Extent_report.Total_wine_test_cases.TestNG_priority_check -->
    </test> <!-- Test -->
  </suite> <!-- Suite -->
</testng-results>
