<?xml version="1.0" encoding="UTF-8"?>
<testng-results skipped="0" failed="1" total="4" passed="3">
  <reporter-output>
  </reporter-output>
  <suite name="Default suite" duration-ms="59369" started-at="2018-05-01T17:43:32Z" finished-at="2018-05-01T17:44:31Z">
    <groups>
    </groups>
    <test name="Default test" duration-ms="59369" started-at="2018-05-01T17:43:32Z" finished-at="2018-05-01T17:44:31Z">
      <class name="Extent_report.Total_wine_test_cases.Browser_lanuch">
        <test-method status="PASS" signature="reportSetup()[pri:0, instance:Extent_report.Total_wine_test_cases.Browser_lanuch@73ad2d6]" name="reportSetup" is-config="true" duration-ms="282" started-at="2018-05-01T23:13:32Z" finished-at="2018-05-01T23:13:32Z">
          <reporter-output>
          </reporter-output>
        </test-method> <!-- reportSetup -->
        <test-method status="PASS" signature="browserLaunchTest()[pri:0, instance:Extent_report.Total_wine_test_cases.Browser_lanuch@73ad2d6]" name="browserLaunchTest" duration-ms="32575" started-at="2018-05-01T23:13:32Z" finished-at="2018-05-01T23:14:05Z">
          <reporter-output>
          </reporter-output>
        </test-method> <!-- browserLaunchTest -->
        <test-method status="PASS" signature="getResult(org.testng.ITestResult)[pri:0, instance:Extent_report.Total_wine_test_cases.Browser_lanuch@73ad2d6]" name="getResult" is-config="true" duration-ms="8" started-at="2018-05-01T23:14:05Z" finished-at="2018-05-01T23:14:05Z">
          <params>
            <param index="0">
              <value>
                <![CDATA[[TestResult name=browserLaunchTest status=SUCCESS method=Browser_lanuch.browserLaunchTest()[pri:0, instance:Extent_report.Total_wine_test_cases.Browser_lanuch@73ad2d6] output={null}]]]>
              </value>
            </param>
          </params>
          <reporter-output>
          </reporter-output>
        </test-method> <!-- getResult -->
        <test-method status="FAIL" signature="failTest()[pri:0, instance:Extent_report.Total_wine_test_cases.Browser_lanuch@73ad2d6]" name="failTest" duration-ms="24805" started-at="2018-05-01T23:14:05Z" finished-at="2018-05-01T23:14:30Z">
          <exception class="junit.framework.AssertionFailedError">
            <full-stacktrace>
              <![CDATA[junit.framework.AssertionFailedError
	at junit.framework.Assert.fail(Assert.java:47)
	at junit.framework.Assert.assertTrue(Assert.java:20)
	at junit.framework.Assert.assertTrue(Assert.java:27)
	at Extent_report.Total_wine_test_cases.Browser_lanuch.failTest(Browser_lanuch.java:74)
	at sun.reflect.NativeMethodAccessorImpl.invoke0(Native Method)
	at sun.reflect.NativeMethodAccessorImpl.invoke(NativeMethodAccessorImpl.java:62)
	at sun.reflect.DelegatingMethodAccessorImpl.invoke(DelegatingMethodAccessorImpl.java:43)
	at java.lang.reflect.Method.invoke(Method.java:498)
	at org.testng.internal.MethodInvocationHelper.invokeMethod(MethodInvocationHelper.java:85)
	at org.testng.internal.Invoker.invokeMethod(Invoker.java:639)
	at org.testng.internal.Invoker.invokeTestMethod(Invoker.java:821)
	at org.testng.internal.Invoker.invokeTestMethods(Invoker.java:1131)
	at org.testng.internal.TestMethodWorker.invokeTestMethods(TestMethodWorker.java:124)
	at org.testng.internal.TestMethodWorker.run(TestMethodWorker.java:108)
	at org.testng.TestRunner.privateRun(TestRunner.java:773)
	at org.testng.TestRunner.run(TestRunner.java:623)
	at org.testng.SuiteRunner.runTest(SuiteRunner.java:357)
	at org.testng.SuiteRunner.runSequentially(SuiteRunner.java:352)
	at org.testng.SuiteRunner.privateRun(SuiteRunner.java:310)
	at org.testng.SuiteRunner.run(SuiteRunner.java:259)
	at org.testng.SuiteRunnerWorker.runSuite(SuiteRunnerWorker.java:52)
	at org.testng.SuiteRunnerWorker.run(SuiteRunnerWorker.java:86)
	at org.testng.TestNG.runSuitesSequentially(TestNG.java:1185)
	at org.testng.TestNG.runSuitesLocally(TestNG.java:1110)
	at org.testng.TestNG.run(TestNG.java:1018)
	at org.testng.remote.AbstractRemoteTestNG.run(AbstractRemoteTestNG.java:114)
	at org.testng.remote.RemoteTestNG.initAndRun(RemoteTestNG.java:251)
	at org.testng.remote.RemoteTestNG.main(RemoteTestNG.java:77)
]]>
            </full-stacktrace>
          </exception> <!-- junit.framework.AssertionFailedError -->
          <reporter-output>
          </reporter-output>
        </test-method> <!-- failTest -->
        <test-method status="PASS" signature="getResult(org.testng.ITestResult)[pri:0, instance:Extent_report.Total_wine_test_cases.Browser_lanuch@73ad2d6]" name="getResult" is-config="true" duration-ms="572" started-at="2018-05-01T23:14:30Z" finished-at="2018-05-01T23:14:30Z">
          <params>
            <param index="0">
              <value>
                <![CDATA[[TestResult name=failTest status=FAILURE method=Browser_lanuch.failTest()[pri:0, instance:Extent_report.Total_wine_test_cases.Browser_lanuch@73ad2d6] output={null}]]]>
              </value>
            </param>
          </params>
          <reporter-output>
          </reporter-output>
        </test-method> <!-- getResult -->
        <test-method status="PASS" signature="passTest()[pri:0, instance:Extent_report.Total_wine_test_cases.Browser_lanuch@73ad2d6]" name="passTest" duration-ms="3" started-at="2018-05-01T23:14:30Z" finished-at="2018-05-01T23:14:30Z">
          <reporter-output>
          </reporter-output>
        </test-method> <!-- passTest -->
        <test-method status="PASS" signature="getResult(org.testng.ITestResult)[pri:0, instance:Extent_report.Total_wine_test_cases.Browser_lanuch@73ad2d6]" name="getResult" is-config="true" duration-ms="1" started-at="2018-05-01T23:14:30Z" finished-at="2018-05-01T23:14:30Z">
          <params>
            <param index="0">
              <value>
                <![CDATA[[TestResult name=passTest status=SUCCESS method=Browser_lanuch.passTest()[pri:0, instance:Extent_report.Total_wine_test_cases.Browser_lanuch@73ad2d6] output={null}]]]>
              </value>
            </param>
          </params>
          <reporter-output>
          </reporter-output>
        </test-method> <!-- getResult -->
        <test-method status="PASS" signature="skipTest()[pri:0, instance:Extent_report.Total_wine_test_cases.Browser_lanuch@73ad2d6]" name="skipTest" duration-ms="2" started-at="2018-05-01T23:14:30Z" finished-at="2018-05-01T23:14:30Z">
          <reporter-output>
          </reporter-output>
        </test-method> <!-- skipTest -->
        <test-method status="PASS" signature="getResult(org.testng.ITestResult)[pri:0, instance:Extent_report.Total_wine_test_cases.Browser_lanuch@73ad2d6]" name="getResult" is-config="true" duration-ms="1" started-at="2018-05-01T23:14:30Z" finished-at="2018-05-01T23:14:30Z">
          <params>
            <param index="0">
              <value>
                <![CDATA[[TestResult name=skipTest status=SUCCESS method=Browser_lanuch.skipTest()[pri:0, instance:Extent_report.Total_wine_test_cases.Browser_lanuch@73ad2d6] output={null}]]]>
              </value>
            </param>
          </params>
          <reporter-output>
          </reporter-output>
        </test-method> <!-- getResult -->
        <test-method status="PASS" signature="endReport()[pri:0, instance:Extent_report.Total_wine_test_cases.Browser_lanuch@73ad2d6]" name="endReport" is-config="true" duration-ms="1089" started-at="2018-05-01T23:14:30Z" finished-at="2018-05-01T23:14:31Z">
          <reporter-output>
          </reporter-output>
        </test-method> <!-- endReport -->
      </class> <!-- Extent_report.Total_wine_test_cases.Browser_lanuch -->
    </test> <!-- Default test -->
  </suite> <!-- Default suite -->
</testng-results>
